Using pre-set license
Built from '2021.3/staging' branch; Version is '2021.3.15f1 (e8e88683f834) revision 15263878'; Using compiler version '192829333'; Build Type 'Release'
OS: 'Windows 11  (10.0.22621) 64bit Core' Language: 'en' Physical Memory: 8044 MB
BatchMode: 1, IsHumanControllingUs: 0, StartBugReporterOnCrash: 0, Is64bit: 1, IsPro: 1

COMMAND LINE ARGUMENTS:
C:\Program Files\Unity\Hub\Editor\2021.3.15f1\Editor\Unity.exe
-adb2
-batchMode
-noUpm
-name
AssetImportWorker0
-projectPath
C:/Users/matth/GEP_Project
-logFile
Logs/AssetImportWorker0.log
-srvPort
59017
Successfully changed project path to: C:/Users/matth/GEP_Project
C:/Users/matth/GEP_Project
[UnityMemory] Configuration Parameters - Can be set up in boot.config
    "memorysetup-bucket-allocator-granularity=16"
    "memorysetup-bucket-allocator-bucket-count=8"
    "memorysetup-bucket-allocator-block-size=33554432"
    "memorysetup-bucket-allocator-block-count=8"
    "memorysetup-main-allocator-block-size=16777216"
    "memorysetup-thread-allocator-block-size=16777216"
    "memorysetup-gfx-main-allocator-block-size=16777216"
    "memorysetup-gfx-thread-allocator-block-size=16777216"
    "memorysetup-cache-allocator-block-size=4194304"
    "memorysetup-typetree-allocator-block-size=2097152"
    "memorysetup-profiler-bucket-allocator-granularity=16"
    "memorysetup-profiler-bucket-allocator-bucket-count=8"
    "memorysetup-profiler-bucket-allocator-block-size=33554432"
    "memorysetup-profiler-bucket-allocator-block-count=8"
    "memorysetup-profiler-allocator-block-size=16777216"
    "memorysetup-profiler-editor-allocator-block-size=1048576"
    "memorysetup-temp-allocator-size-main=16777216"
    "memorysetup-job-temp-allocator-block-size=2097152"
    "memorysetup-job-temp-allocator-block-size-background=1048576"
    "memorysetup-job-temp-allocator-reduction-small-platforms=262144"
    "memorysetup-temp-allocator-size-background-worker=32768"
    "memorysetup-temp-allocator-size-job-worker=262144"
    "memorysetup-temp-allocator-size-preload-manager=33554432"
    "memorysetup-temp-allocator-size-nav-mesh-worker=65536"
    "memorysetup-temp-allocator-size-audio-worker=65536"
    "memorysetup-temp-allocator-size-cloud-worker=32768"
    "memorysetup-temp-allocator-size-gi-baking-worker=262144"
    "memorysetup-temp-allocator-size-gfx=262144"
Player connection [2760] Host "[IP] 192.168.0.120 [Port] 0 [Flags] 2 [Guid] 2965218413 [EditorId] 2965218413 [Version] 1048832 [Id] WindowsEditor(7,LAPTOP-TC425T7F) [Debug] 1 [PackageName] WindowsEditor [ProjectName] Editor" joined multi-casting on [225.0.0.222:54997]...

Player connection [2760] Host "[IP] 192.168.0.120 [Port] 0 [Flags] 2 [Guid] 2965218413 [EditorId] 2965218413 [Version] 1048832 [Id] WindowsEditor(7,LAPTOP-TC425T7F) [Debug] 1 [PackageName] WindowsEditor [ProjectName] Editor" joined alternative multi-casting on [225.0.0.222:34997]...

Refreshing native plugins compatible for Editor in 117.57 ms, found 4 plugins.
Preloading 0 native plugins for Editor in 0.00 ms.
Initialize engine version: 2021.3.15f1 (e8e88683f834)
[Subsystems] Discovering subsystems at path C:/Program Files/Unity/Hub/Editor/2021.3.15f1/Editor/Data/Resources/UnitySubsystems
[Subsystems] Discovering subsystems at path C:/Users/matth/GEP_Project/Assets
GfxDevice: creating device client; threaded=0; jobified=0
Direct3D:
    Version:  Direct3D 11.0 [level 11.1]
    Renderer: NVIDIA GeForce RTX 3060 Laptop GPU (ID=0x2560)
    Vendor:   NVIDIA
    VRAM:     6023 MB
    Driver:   30.0.15.1236
Initialize mono
Mono path[0] = 'C:/Program Files/Unity/Hub/Editor/2021.3.15f1/Editor/Data/Managed'
Mono path[1] = 'C:/Program Files/Unity/Hub/Editor/2021.3.15f1/Editor/Data/MonoBleedingEdge/lib/mono/unityjit-win32'
Mono config path = 'C:/Program Files/Unity/Hub/Editor/2021.3.15f1/Editor/Data/MonoBleedingEdge/etc'
Using monoOptions --debugger-agent=transport=dt_socket,embedding=1,server=y,suspend=n,address=127.0.0.1:56948
Begin MonoManager ReloadAssembly
Registering precompiled unity dll's ...
Register platform support module: C:/Program Files/Unity/Hub/Editor/2021.3.15f1/Editor/Data/PlaybackEngines/WebGLSupport/UnityEditor.WebGL.Extensions.dll
Register platform support module: C:/Program Files/Unity/Hub/Editor/2021.3.15f1/Editor/Data/PlaybackEngines/MacStandaloneSupport/UnityEditor.OSXStandalone.Extensions.dll
Register platform support module: C:/Program Files/Unity/Hub/Editor/2021.3.15f1/Editor/Data/PlaybackEngines/AndroidPlayer/UnityEditor.Android.Extensions.dll
Register platform support module: C:/Program Files/Unity/Hub/Editor/2021.3.15f1/Editor/Data/PlaybackEngines/iOSSupport/UnityEditor.iOS.Extensions.dll
Register platform support module: C:/Program Files/Unity/Hub/Editor/2021.3.15f1/Editor/Data/PlaybackEngines/AppleTVSupport/UnityEditor.AppleTV.Extensions.dll
Register platform support module: C:/Program Files/Unity/Hub/Editor/2021.3.15f1/Editor/Data/PlaybackEngines/WindowsStandaloneSupport/UnityEditor.WindowsStandalone.Extensions.dll
Register platform support module: C:/Program Files/Unity/Hub/Editor/2021.3.15f1/Editor/Data/PlaybackEngines/LinuxStandaloneSupport/UnityEditor.LinuxStandalone.Extensions.dll
Register platform support module: C:/Program Files/Unity/Hub/Editor/2021.3.15f1/Editor/Data/PlaybackEngines/MetroSupport/UnityEditor.UWP.Extensions.dll
Registered in 0.024187 seconds.
Native extension for UWP target not found
Native extension for LinuxStandalone target not found
Native extension for WindowsStandalone target not found
[usbmuxd] Start listen thread
[usbmuxd] Listen thread started
Native extension for AppleTV target not found
[usbmuxd] Start listen thread
[usbmuxd] Listen thread started
Native extension for iOS target not found
Native extension for Android target not found
Native extension for OSXStandalone target not found
Native extension for WebGL target not found
Refreshing native plugins compatible for Editor in 76.91 ms, found 4 plugins.
Preloading 0 native plugins for Editor in 0.00 ms.
Mono: successfully reloaded assembly
- Completed reload, in  0.722 seconds
Domain Reload Profiling:
	ReloadAssembly (723ms)
		BeginReloadAssembly (123ms)
			ExecutionOrderSort (0ms)
			DisableScriptedObjects (0ms)
			BackupInstance (0ms)
			ReleaseScriptingObjects (0ms)
			CreateAndSetChildDomain (1ms)
		EndReloadAssembly (479ms)
			LoadAssemblies (124ms)
			RebuildTransferFunctionScriptingTraits (0ms)
			SetupTypeCache (107ms)
			ReleaseScriptCaches (0ms)
			RebuildScriptCaches (23ms)
			SetupLoadedEditorAssemblies (294ms)
				LogAssemblyErrors (0ms)
				InitializePlatformSupportModulesInManaged (87ms)
				SetLoadedEditorAssemblies (0ms)
				RefreshPlugins (77ms)
				BeforeProcessingInitializeOnLoad (1ms)
				ProcessInitializeOnLoadAttributes (90ms)
				ProcessInitializeOnLoadMethodAttributes (38ms)
				AfterProcessingInitializeOnLoad (0ms)
				EditorAssembliesLoaded (0ms)
			ExecutionOrderSort2 (0ms)
			AwakeInstancesAfterBackupRestoration (0ms)
Platform modules already initialized, skipping
Registering precompiled user dll's ...
Registered in 0.013033 seconds.
Begin MonoManager ReloadAssembly
Symbol file LoadedFromMemory doesn't match image C:\Users\matth\GEP_Project\Library\PackageCache\com.unity.visualscripting@1.7.8\Editor\VisualScripting.Core\Dependencies\YamlDotNet\Unity.VisualScripting.YamlDotNet.dll
Symbol file LoadedFromMemory doesn't match image C:\Users\matth\GEP_Project\Library\PackageCache\com.unity.visualscripting@1.7.8\Editor\VisualScripting.Core\Dependencies\DotNetZip\Unity.VisualScripting.IonicZip.dll
Native extension for UWP target not found
Native extension for LinuxStandalone target not found
Native extension for WindowsStandalone target not found
Native extension for AppleTV target not found
Native extension for iOS target not found
Native extension for Android target not found
Native extension for OSXStandalone target not found
Native extension for WebGL target not found
Refreshing native plugins compatible for Editor in 78.28 ms, found 4 plugins.
Preloading 0 native plugins for Editor in 0.00 ms.
Mono: successfully reloaded assembly
- Completed reload, in  1.292 seconds
Domain Reload Profiling:
	ReloadAssembly (1293ms)
		BeginReloadAssembly (236ms)
			ExecutionOrderSort (0ms)
			DisableScriptedObjects (5ms)
			BackupInstance (0ms)
			ReleaseScriptingObjects (0ms)
			CreateAndSetChildDomain (132ms)
		EndReloadAssembly (940ms)
			LoadAssemblies (163ms)
			RebuildTransferFunctionScriptingTraits (0ms)
			SetupTypeCache (228ms)
			ReleaseScriptCaches (1ms)
			RebuildScriptCaches (52ms)
			SetupLoadedEditorAssemblies (471ms)
				LogAssemblyErrors (0ms)
				InitializePlatformSupportModulesInManaged (33ms)
				SetLoadedEditorAssemblies (0ms)
				RefreshPlugins (78ms)
				BeforeProcessingInitializeOnLoad (92ms)
				ProcessInitializeOnLoadAttributes (219ms)
				ProcessInitializeOnLoadMethodAttributes (39ms)
				AfterProcessingInitializeOnLoad (10ms)
				EditorAssembliesLoaded (0ms)
			ExecutionOrderSort2 (0ms)
			AwakeInstancesAfterBackupRestoration (5ms)
Platform modules already initialized, skipping
========================================================================
Worker process is ready to serve import requests
Launched and connected shader compiler UnityShaderCompiler.exe after 0.06 seconds
Refreshing native plugins compatible for Editor in 1.31 ms, found 4 plugins.
Preloading 0 native plugins for Editor in 0.00 ms.
Unloading 4045 Unused Serialized files (Serialized files now loaded: 0)
Unloading 44 unused Assets / (228.8 KB). Loaded Objects now: 4497.
Memory consumption went from 150.8 MB to 150.5 MB.
Total: 4.085500 ms (FindLiveObjects: 0.687100 ms CreateObjectMapping: 0.156000 ms MarkObjects: 3.073800 ms  DeleteObjects: 0.162700 ms)

AssetImportParameters requested are different than current active one (requested -> active):
  custom:video-decoder-ogg-theora: a1e56fd34408186e4bbccfd4996cb3dc -> 
  custom:container-muxer-webm: aa71ff27fc2769a1b78a27578f13a17b -> 
  custom:container-demuxer-webm: 4f35f7cbe854078d1ac9338744f61a02 -> 
  custom:video-encoder-webm-vp8: eb34c28f22e8b96e1ab97ce403110664 -> 
  custom:video-codec-MediaFoundation-h265: 746d11721c4dcdbdad8f713fa42b33f4 -> 
  custom:audio-encoder-webm-vorbis: bf7c407c2cedff20999df2af8eb42d56 -> 
  custom:framework-win-MediaFoundation: 216162199b28c13a410421893ffa2e32 -> 
  custom:container-demuxer-ogg: 62fdf1f143b41e24485cea50d1cbac27 -> 
  custom:video-decoder-webm-vp8: 9c59270c3fd7afecdb556c50c9e8de78 -> 
  custom:audio-decoder-ogg-vorbis: bf7c407c2cedff20999df2af8eb42d56 -> 
========================================================================
Received Import Request.
  Time since last request: 1709739.285325 seconds.
  path: ProjectSettings/TagManager.asset
  artifactKey: Guid(00000000000000003000000000000000) Importer(815301076,1909f56bfc062723c751e8b465ee728b)
Start importing ProjectSettings/TagManager.asset using Guid(00000000000000003000000000000000) Importer(815301076,1909f56bfc062723c751e8b465ee728b)  -> (artifact id: '5f74b9f0782f3ffe8a654b2b60a9f33c') in 0.040081 seconds 
========================================================================
Received Import Request.
  Time since last request: 72.824844 seconds.
  path: Assets
  artifactKey: Guid(00000000000000001000000000000000) Importer(815301076,1909f56bfc062723c751e8b465ee728b)
Start importing Assets using Guid(00000000000000001000000000000000) Importer(815301076,1909f56bfc062723c751e8b465ee728b)  -> (artifact id: '79842766b460edbeab6a34051e857a80') in 0.008153 seconds 
========================================================================
Received Import Request.
  Time since last request: 7.371392 seconds.
  path: Assets/Scripts
  artifactKey: Guid(a7dda45ec80c7fd44885b1e812a89cff) Importer(815301076,1909f56bfc062723c751e8b465ee728b)
Start importing Assets/Scripts using Guid(a7dda45ec80c7fd44885b1e812a89cff) Importer(815301076,1909f56bfc062723c751e8b465ee728b)  -> (artifact id: '930da3460e52d7b118e1f9cfec52bfbd') in 0.007014 seconds 
========================================================================
Received Import Request.
  Time since last request: 8.796132 seconds.
  path: Assets/Materiales
  artifactKey: Guid(cb489eafe74056845a388a2896f76d0e) Importer(815301076,1909f56bfc062723c751e8b465ee728b)
Start importing Assets/Materiales using Guid(cb489eafe74056845a388a2896f76d0e) Importer(815301076,1909f56bfc062723c751e8b465ee728b)  -> (artifact id: '5c9aa4f9297ada0644bf537554501e59') in 0.007564 seconds 
========================================================================
Received Import Request.
  Time since last request: 11.815955 seconds.
  path: Assets/Audio
  artifactKey: Guid(5cdffd9fc7fc00a4db122817b2d600cb) Importer(815301076,1909f56bfc062723c751e8b465ee728b)
Start importing Assets/Audio using Guid(5cdffd9fc7fc00a4db122817b2d600cb) Importer(815301076,1909f56bfc062723c751e8b465ee728b)  -> (artifact id: 'efb8627f25b8d597006d9154336e952f') in 0.007158 seconds 
========================================================================
Received Import Request.
  Time since last request: 19.899501 seconds.
  path: Assets/Materiales/New Material.mat
  artifactKey: Guid(135201daf7dd9934e95700898517460c) Importer(815301076,1909f56bfc062723c751e8b465ee728b)
Start importing Assets/Materiales/New Material.mat using Guid(135201daf7dd9934e95700898517460c) Importer(815301076,1909f56bfc062723c751e8b465ee728b)  -> (artifact id: '0d5509edb4d90c0c658cf9c95236ef1a') in 0.281282 seconds 
========================================================================
Received Prepare
Registering precompiled user dll's ...
Registered in 0.012204 seconds.
Begin MonoManager ReloadAssembly
Symbol file LoadedFromMemory doesn't match image C:\Users\matth\GEP_Project\Library\PackageCache\com.unity.visualscripting@1.7.8\Editor\VisualScripting.Core\Dependencies\YamlDotNet\Unity.VisualScripting.YamlDotNet.dll
Symbol file LoadedFromMemory doesn't match image C:\Users\matth\GEP_Project\Library\PackageCache\com.unity.visualscripting@1.7.8\Editor\VisualScripting.Core\Dependencies\DotNetZip\Unity.VisualScripting.IonicZip.dll
Native extension for UWP target not found
Native extension for LinuxStandalone target not found
Native extension for WindowsStandalone target not found
Native extension for AppleTV target not found
Native extension for iOS target not found
Native extension for Android target not found
Native extension for OSXStandalone target not found
Native extension for WebGL target not found
Refreshing native plugins compatible for Editor in 0.84 ms, found 4 plugins.
Preloading 0 native plugins for Editor in 0.00 ms.
Mono: successfully reloaded assembly
- Completed reload, in  0.954 seconds
Domain Reload Profiling:
	ReloadAssembly (955ms)
		BeginReloadAssembly (143ms)
			ExecutionOrderSort (0ms)
			DisableScriptedObjects (5ms)
			BackupInstance (0ms)
			ReleaseScriptingObjects (0ms)
			CreateAndSetChildDomain (40ms)
		EndReloadAssembly (711ms)
			LoadAssemblies (117ms)
			RebuildTransferFunctionScriptingTraits (0ms)
			SetupTypeCache (202ms)
			ReleaseScriptCaches (1ms)
			RebuildScriptCaches (35ms)
			SetupLoadedEditorAssemblies (330ms)
				LogAssemblyErrors (0ms)
				InitializePlatformSupportModulesInManaged (43ms)
				SetLoadedEditorAssemblies (0ms)
				RefreshPlugins (1ms)
				BeforeProcessingInitializeOnLoad (71ms)
				ProcessInitializeOnLoadAttributes (172ms)
				ProcessInitializeOnLoadMethodAttributes (32ms)
				AfterProcessingInitializeOnLoad (10ms)
				EditorAssembliesLoaded (0ms)
			ExecutionOrderSort2 (0ms)
			AwakeInstancesAfterBackupRestoration (7ms)
Platform modules already initialized, skipping
Refreshing native plugins compatible for Editor in 2.90 ms, found 4 plugins.
Preloading 0 native plugins for Editor in 0.00 ms.
Unloading 4048 Unused Serialized files (Serialized files now loaded: 0)
Unloading 32 unused Assets / (195.3 KB). Loaded Objects now: 4549.
Memory consumption went from 155.6 MB to 155.5 MB.
Total: 3.354300 ms (FindLiveObjects: 0.289600 ms CreateObjectMapping: 0.094700 ms MarkObjects: 2.830700 ms  DeleteObjects: 0.138400 ms)

AssetImportParameters requested are different than current active one (requested -> active):
  custom:video-decoder-ogg-theora: a1e56fd34408186e4bbccfd4996cb3dc -> 
  custom:container-muxer-webm: aa71ff27fc2769a1b78a27578f13a17b -> 
  custom:container-demuxer-webm: 4f35f7cbe854078d1ac9338744f61a02 -> 
  custom:video-encoder-webm-vp8: eb34c28f22e8b96e1ab97ce403110664 -> 
  custom:video-codec-MediaFoundation-h265: 746d11721c4dcdbdad8f713fa42b33f4 -> 
  custom:audio-encoder-webm-vorbis: bf7c407c2cedff20999df2af8eb42d56 -> 
  custom:framework-win-MediaFoundation: 216162199b28c13a410421893ffa2e32 -> 
  custom:container-demuxer-ogg: 62fdf1f143b41e24485cea50d1cbac27 -> 
  custom:video-decoder-webm-vp8: 9c59270c3fd7afecdb556c50c9e8de78 -> 
  custom:audio-decoder-ogg-vorbis: bf7c407c2cedff20999df2af8eb42d56 -> 
========================================================================
Received Import Request.
  Time since last request: 832.774899 seconds.
  path: Assets/Materiales/Floor.mat
  artifactKey: Guid(135201daf7dd9934e95700898517460c) Importer(815301076,1909f56bfc062723c751e8b465ee728b)
Start importing Assets/Materiales/Floor.mat using Guid(135201daf7dd9934e95700898517460c) Importer(815301076,1909f56bfc062723c751e8b465ee728b)  -> (artifact id: '3a8c80d9d37968c1605c06d1f06ef809') in 0.078232 seconds 
========================================================================
Received Import Request.
  Time since last request: 16.726775 seconds.
  path: Assets/Materiales/Shelf.mat
  artifactKey: Guid(f6e7cd1bd210bc141bc8d3dab68005b7) Importer(815301076,1909f56bfc062723c751e8b465ee728b)
Start importing Assets/Materiales/Shelf.mat using Guid(f6e7cd1bd210bc141bc8d3dab68005b7) Importer(815301076,1909f56bfc062723c751e8b465ee728b)  -> (artifact id: 'dc70eeaa82929da6cf50d21feb5b27a1') in 0.023782 seconds 
========================================================================
Received Import Request.
  Time since last request: 236.597473 seconds.
  path: Assets/Materiales/Tills.mat
  artifactKey: Guid(ee0933bfe518ef7408e426b857df5395) Importer(815301076,1909f56bfc062723c751e8b465ee728b)
Start importing Assets/Materiales/Tills.mat using Guid(ee0933bfe518ef7408e426b857df5395) Importer(815301076,1909f56bfc062723c751e8b465ee728b)  -> (artifact id: '5555982aecb1eb518e1a87b8cb0d922d') in 0.014977 seconds 
========================================================================
Received Import Request.
  Time since last request: 3746.504751 seconds.
  path: Assets/Face_02.png
  artifactKey: Guid(f594becea1367454dbb816dcf9427363) Importer(815301076,1909f56bfc062723c751e8b465ee728b)
Start importing Assets/Face_02.png using Guid(f594becea1367454dbb816dcf9427363) Importer(815301076,1909f56bfc062723c751e8b465ee728b)  -> (artifact id: '4bcf91a66215b335fb6313bc01f55911') in 0.466224 seconds 
========================================================================
Received Import Request.
  Time since last request: 0.000072 seconds.
  path: Assets/Left_Hand.png
  artifactKey: Guid(a0b7021ab1288fa4eacdf7b55ec1112e) Importer(815301076,1909f56bfc062723c751e8b465ee728b)
Start importing Assets/Left_Hand.png using Guid(a0b7021ab1288fa4eacdf7b55ec1112e) Importer(815301076,1909f56bfc062723c751e8b465ee728b)  -> (artifact id: 'dc6a4ffb217a382962218d5d39c0659e') in 0.032802 seconds 
========================================================================
Received Import Request.
  Time since last request: 0.000047 seconds.
  path: Assets/Face_01.png
  artifactKey: Guid(10042b7a49ef1564ca7893d85feb20e5) Importer(815301076,1909f56bfc062723c751e8b465ee728b)
Start importing Assets/Face_01.png using Guid(10042b7a49ef1564ca7893d85feb20e5) Importer(815301076,1909f56bfc062723c751e8b465ee728b)  -> (artifact id: 'a266ff02ef130b1d4ecf563e4c6ea676') in 0.026826 seconds 
========================================================================
Received Import Request.
  Time since last request: 0.000040 seconds.
  path: Assets/Right_Leg.png
  artifactKey: Guid(5ef9f467f22c7924fa79e507ab3a9f1a) Importer(815301076,1909f56bfc062723c751e8b465ee728b)
Start importing Assets/Right_Leg.png using Guid(5ef9f467f22c7924fa79e507ab3a9f1a) Importer(815301076,1909f56bfc062723c751e8b465ee728b)  -> (artifact id: 'd2e9df6d96ef2256543945b251db6faa') in 0.024139 seconds 
========================================================================
Received Import Request.
  Time since last request: 0.000051 seconds.
  path: Assets/Left_Arm.png
  artifactKey: Guid(8a080b3119865dd4bb8c9bdf36607f25) Importer(815301076,1909f56bfc062723c751e8b465ee728b)
Start importing Assets/Left_Arm.png using Guid(8a080b3119865dd4bb8c9bdf36607f25) Importer(815301076,1909f56bfc062723c751e8b465ee728b)  -> (artifact id: '6cccce8e49ca0b47e238b36b6101176e') in 0.024979 seconds 
========================================================================
Received Import Request.
  Time since last request: 0.000029 seconds.
  path: Assets/Right_Arm.png
  artifactKey: Guid(ebfb9538289c7af49b057fb8a3a6ff12) Importer(815301076,1909f56bfc062723c751e8b465ee728b)
Start importing Assets/Right_Arm.png using Guid(ebfb9538289c7af49b057fb8a3a6ff12) Importer(815301076,1909f56bfc062723c751e8b465ee728b)  -> (artifact id: '9be9a0cabafb247cdc78463d3a70b51f') in 0.023834 seconds 
========================================================================
Received Import Request.
  Time since last request: 0.000027 seconds.
  path: Assets/Head.png
  artifactKey: Guid(043fc15b2d79cdb4292f0ebf38f20f6f) Importer(815301076,1909f56bfc062723c751e8b465ee728b)
Start importing Assets/Head.png using Guid(043fc15b2d79cdb4292f0ebf38f20f6f) Importer(815301076,1909f56bfc062723c751e8b465ee728b)  -> (artifact id: '8fc47e23d93d1f657684d93f12a924a1') in 0.041876 seconds 
========================================================================
Received Import Request.
  Time since last request: 0.000028 seconds.
  path: Assets/Face_03.png
  artifactKey: Guid(588573cb4d902c448a939d809c4140b4) Importer(815301076,1909f56bfc062723c751e8b465ee728b)
Start importing Assets/Face_03.png using Guid(588573cb4d902c448a939d809c4140b4) Importer(815301076,1909f56bfc062723c751e8b465ee728b)  -> (artifact id: '77f60987383a4261af8887774858a0c2') in 0.028510 seconds 
========================================================================
Received Import Request.
  Time since last request: 0.000030 seconds.
  path: Assets/Face_07.png
  artifactKey: Guid(0481c66eea067ef4593ebdab129458fe) Importer(815301076,1909f56bfc062723c751e8b465ee728b)
Start importing Assets/Face_07.png using Guid(0481c66eea067ef4593ebdab129458fe) Importer(815301076,1909f56bfc062723c751e8b465ee728b)  -> (artifact id: '7e867c2e8f01623682f9378da4693ec0') in 0.026985 seconds 
========================================================================
Received Import Request.
  Time since last request: 0.000042 seconds.
  path: Assets/Right_Hand.png
  artifactKey: Guid(a8515fa6f5150ed4ab1516c929abe3a7) Importer(815301076,1909f56bfc062723c751e8b465ee728b)
Start importing Assets/Right_Hand.png using Guid(a8515fa6f5150ed4ab1516c929abe3a7) Importer(815301076,1909f56bfc062723c751e8b465ee728b)  -> (artifact id: '1dcfddd837893ea6de761642576a891a') in 0.026198 seconds 
========================================================================
Received Import Request.
  Time since last request: 0.000047 seconds.
  path: Assets/Face_06.png
  artifactKey: Guid(80615c0d1a378624db73deef4ab67b6b) Importer(815301076,1909f56bfc062723c751e8b465ee728b)
Start importing Assets/Face_06.png using Guid(80615c0d1a378624db73deef4ab67b6b) Importer(815301076,1909f56bfc062723c751e8b465ee728b)  -> (artifact id: '2ef716a7491484c68b4d6b2602e42cda') in 0.027065 seconds 
========================================================================
Received Import Request.
  Time since last request: 0.000033 seconds.
  path: Assets/Left_Leg.png
  artifactKey: Guid(f944d54037d1dde4db79797237361fc5) Importer(815301076,1909f56bfc062723c751e8b465ee728b)
Start importing Assets/Left_Leg.png using Guid(f944d54037d1dde4db79797237361fc5) Importer(815301076,1909f56bfc062723c751e8b465ee728b)  -> (artifact id: 'cf5535b3d162f61dfeb84f49b1d5c2d5') in 0.023615 seconds 
========================================================================
Received Import Request.
  Time since last request: 208.488475 seconds.
  path: Assets/0_Citizen_Idle_013.png
  artifactKey: Guid(17a827594369e6646b43012cfff44da5) Importer(815301076,1909f56bfc062723c751e8b465ee728b)
Start importing Assets/0_Citizen_Idle_013.png using Guid(17a827594369e6646b43012cfff44da5) Importer(815301076,1909f56bfc062723c751e8b465ee728b)  -> (artifact id: '0e3f59e2fea377707f8ebd2cb7680cd2') in 0.047420 seconds 
========================================================================
Received Import Request.
  Time since last request: 0.011839 seconds.
  path: Assets/0_Citizen_Idle_006.png
  artifactKey: Guid(5aed2d0603699c34f9a9cf45e4bd5e7b) Importer(815301076,1909f56bfc062723c751e8b465ee728b)
Start importing Assets/0_Citizen_Idle_006.png using Guid(5aed2d0603699c34f9a9cf45e4bd5e7b) Importer(815301076,1909f56bfc062723c751e8b465ee728b)  -> (artifact id: '7d6f41b16d1e16bcba3d5a8e5d9e6d52') in 0.058909 seconds 
========================================================================
Received Import Request.
  Time since last request: 0.000039 seconds.
  path: Assets/0_Citizen_Idle_025.png
  artifactKey: Guid(0a63c667139774e4bb189d4302ffe2e9) Importer(815301076,1909f56bfc062723c751e8b465ee728b)
Start importing Assets/0_Citizen_Idle_025.png using Guid(0a63c667139774e4bb189d4302ffe2e9) Importer(815301076,1909f56bfc062723c751e8b465ee728b)  -> (artifact id: 'db6017e295b32988f63fb2bbcc819281') in 0.048216 seconds 
========================================================================
Received Import Request.
  Time since last request: 0.000065 seconds.
  path: Assets/0_Citizen_Idle_016.png
  artifactKey: Guid(e8fb4af9b700ce84bafccb5fdacee343) Importer(815301076,1909f56bfc062723c751e8b465ee728b)
Start importing Assets/0_Citizen_Idle_016.png using Guid(e8fb4af9b700ce84bafccb5fdacee343) Importer(815301076,1909f56bfc062723c751e8b465ee728b)  -> (artifact id: 'ae72699dd4cd3479bfa20aaa4ac5af82') in 0.052518 seconds 
========================================================================
Received Import Request.
  Time since last request: 0.000028 seconds.
  path: Assets/0_Citizen_Idle_014.png
  artifactKey: Guid(6ab36806c3c625b43adc28d2dfb9bac1) Importer(815301076,1909f56bfc062723c751e8b465ee728b)
Start importing Assets/0_Citizen_Idle_014.png using Guid(6ab36806c3c625b43adc28d2dfb9bac1) Importer(815301076,1909f56bfc062723c751e8b465ee728b)  -> (artifact id: '2a245e925c7bf24378085cd56241b4e6') in 0.046394 seconds 
========================================================================
Received Import Request.
  Time since last request: 0.000039 seconds.
  path: Assets/0_Citizen_Idle_008.png
  artifactKey: Guid(c7ec8bf7a7e71854497ff9ce99517139) Importer(815301076,1909f56bfc062723c751e8b465ee728b)
Start importing Assets/0_Citizen_Idle_008.png using Guid(c7ec8bf7a7e71854497ff9ce99517139) Importer(815301076,1909f56bfc062723c751e8b465ee728b)  -> (artifact id: '1fa4bbcd6167358dfa51e7b4bd9f4afa') in 0.052165 seconds 
========================================================================
Received Import Request.
  Time since last request: 0.000039 seconds.
  path: Assets/0_Citizen_Idle_011.png
  artifactKey: Guid(cbb4e86652fe64f4dafb88b03cc54524) Importer(815301076,1909f56bfc062723c751e8b465ee728b)
Start importing Assets/0_Citizen_Idle_011.png using Guid(cbb4e86652fe64f4dafb88b03cc54524) Importer(815301076,1909f56bfc062723c751e8b465ee728b)  -> (artifact id: '57c21c405b27a299ec554f36bea0edc8') in 0.055613 seconds 
========================================================================
Received Import Request.
  Time since last request: 0.000040 seconds.
  path: Assets/0_Citizen_Idle_005.png
  artifactKey: Guid(62b931440ae91d540844c9438654d62e) Importer(815301076,1909f56bfc062723c751e8b465ee728b)
Start importing Assets/0_Citizen_Idle_005.png using Guid(62b931440ae91d540844c9438654d62e) Importer(815301076,1909f56bfc062723c751e8b465ee728b)  -> (artifact id: '5970d466e8c3f4587f0ddef72c2150c3') in 0.046955 seconds 
========================================================================
Received Import Request.
  Time since last request: 0.000035 seconds.
  path: Assets/0_Citizen_Idle_024.png
  artifactKey: Guid(863e8a7e7bc7f0442a2eac2f41bede25) Importer(815301076,1909f56bfc062723c751e8b465ee728b)
Start importing Assets/0_Citizen_Idle_024.png using Guid(863e8a7e7bc7f0442a2eac2f41bede25) Importer(815301076,1909f56bfc062723c751e8b465ee728b)  -> (artifact id: '46c71a6f6428e99c05541aced3718e4c') in 0.049773 seconds 
========================================================================
Received Import Request.
  Time since last request: 0.000035 seconds.
  path: Assets/0_Citizen_Idle_007.png
  artifactKey: Guid(e0b050b4f09601b40b73e91b24e01441) Importer(815301076,1909f56bfc062723c751e8b465ee728b)
Start importing Assets/0_Citizen_Idle_007.png using Guid(e0b050b4f09601b40b73e91b24e01441) Importer(815301076,1909f56bfc062723c751e8b465ee728b)  -> (artifact id: 'c46b9dbb490456f6f220847d749ea178') in 0.047607 seconds 
========================================================================
Received Import Request.
  Time since last request: 0.000056 seconds.
  path: Assets/0_Citizen_Idle_029.png
  artifactKey: Guid(086dffec32cc05b438546d094c127fad) Importer(815301076,1909f56bfc062723c751e8b465ee728b)
Start importing Assets/0_Citizen_Idle_029.png using Guid(086dffec32cc05b438546d094c127fad) Importer(815301076,1909f56bfc062723c751e8b465ee728b)  -> (artifact id: '189d9d9d88a1338775a60bbb3f75245b') in 0.043964 seconds 
========================================================================
Received Import Request.
  Time since last request: 0.000097 seconds.
  path: Assets/0_Citizen_Idle_021.png
  artifactKey: Guid(44560991d3168a044bf53b8af073ae0e) Importer(815301076,1909f56bfc062723c751e8b465ee728b)
Start importing Assets/0_Citizen_Idle_021.png using Guid(44560991d3168a044bf53b8af073ae0e) Importer(815301076,1909f56bfc062723c751e8b465ee728b)  -> (artifact id: '9e2d804c47a45dee11c4eaa9c4c75fa4') in 0.049979 seconds 
========================================================================
Received Import Request.
  Time since last request: 0.000034 seconds.
  path: Assets/0_Citizen_Idle_004.png
  artifactKey: Guid(172b34951813e5d4e9ceb75b39ce6d77) Importer(815301076,1909f56bfc062723c751e8b465ee728b)
Start importing Assets/0_Citizen_Idle_004.png using Guid(172b34951813e5d4e9ceb75b39ce6d77) Importer(815301076,1909f56bfc062723c751e8b465ee728b)  -> (artifact id: '092bc0deec2fa8554f87d82d93285bbf') in 0.044881 seconds 
========================================================================
Received Import Request.
  Time since last request: 0.000037 seconds.
  path: Assets/0_Citizen_Idle_015.png
  artifactKey: Guid(bfd25a25015abd94fbc93d39db7db1e2) Importer(815301076,1909f56bfc062723c751e8b465ee728b)
Start importing Assets/0_Citizen_Idle_015.png using Guid(bfd25a25015abd94fbc93d39db7db1e2) Importer(815301076,1909f56bfc062723c751e8b465ee728b)  -> (artifact id: '2ad8603303340a387cb53a4c93a797db') in 0.047294 seconds 
========================================================================
Received Import Request.
  Time since last request: 0.289707 seconds.
  path: Assets/0_Citizen_Idle_000.png
  artifactKey: Guid(28cad5206fa6605489cc90b007f953af) Importer(815301076,1909f56bfc062723c751e8b465ee728b)
Start importing Assets/0_Citizen_Idle_000.png using Guid(28cad5206fa6605489cc90b007f953af) Importer(815301076,1909f56bfc062723c751e8b465ee728b)  -> (artifact id: 'd849debf5cdba8fc0031c98a1f0629c9') in 0.037604 seconds 
========================================================================
Received Import Request.
  Time since last request: 0.000042 seconds.
  path: Assets/0_Citizen_Idle_002.png
  artifactKey: Guid(a442022807782e244ac898b6f7c2c793) Importer(815301076,1909f56bfc062723c751e8b465ee728b)
Start importing Assets/0_Citizen_Idle_002.png using Guid(a442022807782e244ac898b6f7c2c793) Importer(815301076,1909f56bfc062723c751e8b465ee728b)  -> (artifact id: '852e3cf3884300e6c3446cad1677e776') in 0.036606 seconds 
Editor requested this worker to shutdown with reason: Scaling down because of idle timeout
AssetImportWorker is now disconnected from the server
Process exiting
Exiting without the bug reporter. Application will terminate with return code 0